<?xml version="1.0" encoding="UTF-8"?>
<testng-results skipped="0" failed="0" ignored="0" total="2" passed="2">
  <reporter-output>
  </reporter-output>
  <suite name="Suite" duration-ms="31073" started-at="2019-06-04T10:27:16Z" finished-at="2019-06-04T10:27:47Z">
    <groups>
    </groups>
    <test name="Test1" duration-ms="13256" started-at="2019-06-04T10:27:16Z" finished-at="2019-06-04T10:27:29Z">
      <class name="codesonStriings.delete">
        <test-method status="PASS" signature="setup()[pri:0, instance:codesonStriings.delete@4678c730]" name="setup" duration-ms="13220" started-at="2019-06-04T10:27:16Z" finished-at="2019-06-04T10:27:29Z">
          <reporter-output>
          </reporter-output>
        </test-method> <!-- setup -->
      </class> <!-- codesonStriings.delete -->
    </test> <!-- Test1 -->
    <test name="Test2" duration-ms="31073" started-at="2019-06-04T10:27:16Z" finished-at="2019-06-04T10:27:47Z">
      <class name="codesonStriings.delete1">
        <test-method status="PASS" signature="setup1()[pri:0, instance:codesonStriings.delete1@91161c7]" name="setup1" duration-ms="31045" started-at="2019-06-04T10:27:16Z" finished-at="2019-06-04T10:27:47Z">
          <reporter-output>
          </reporter-output>
        </test-method> <!-- setup1 -->
      </class> <!-- codesonStriings.delete1 -->
    </test> <!-- Test2 -->
  </suite> <!-- Suite -->
</testng-results>
